<?xml version="1.0" encoding="UTF-8"?>
<!-- Generated by org.testng.reporters.JUnitXMLReporter -->
<testsuite ignored="0" hostname="BLACKY" failures="0" tests="6" name="Test" time="30.93" errors="0" timestamp="2023-06-26T15:52:42 IST">
  <testcase classname="org.jpg.com.UsingTestNGAnnotations" name="facebook" time="1.73"/>
  <testcase classname="org.jpg.com.UsingTestNGAnnotations" name="google" time="13.503"/>
  <testcase classname="org.jpg.com.UsingArithemiticLogic" name="additingMethod" time="0.0"/>
  <testcase classname="org.jpg.com.UsingArithemiticLogic" name="divMethod" time="0.0"/>
  <testcase classname="org.jpg.com.UsingArithemiticLogic" name="mulMethod" time="0.0"/>
  <testcase classname="org.jpg.com.UsingArithemiticLogic" name="subMethod" time="0.011"/>
</testsuite> <!-- Test -->
