<?xml version="1.0" encoding="UTF-8"?>
<testng-results ignored="0" total="6" passed="6" failed="0" skipped="0">
  <reporter-output>
  </reporter-output>
  <suite started-at="2023-06-26T16:02:24 IST" name="parallel test Execution " finished-at="2023-06-26T16:02:56 IST" duration-ms="31890">
    <groups>
      <group name="atithemrtic operation">
        <method signature="UsingArithemiticLogic.additingMethod(int,int)[pri:0, instance:org.jpg.com.UsingArithemiticLogic@323b36e0]" name="additingMethod" class="org.jpg.com.UsingArithemiticLogic"/>
        <method signature="UsingArithemiticLogic.divMethod(int,int)[pri:0, instance:org.jpg.com.UsingArithemiticLogic@323b36e0]" name="divMethod" class="org.jpg.com.UsingArithemiticLogic"/>
        <method signature="UsingArithemiticLogic.mulMethod(int,int)[pri:0, instance:org.jpg.com.UsingArithemiticLogic@323b36e0]" name="mulMethod" class="org.jpg.com.UsingArithemiticLogic"/>
        <method signature="UsingArithemiticLogic.subMethod(int,int)[pri:0, instance:org.jpg.com.UsingArithemiticLogic@323b36e0]" name="subMethod" class="org.jpg.com.UsingArithemiticLogic"/>
      </group> <!-- atithemrtic operation -->
    </groups>
    <test started-at="2023-06-26T16:02:24 IST" name="Chrome test" finished-at="2023-06-26T16:02:56 IST" duration-ms="31890">
      <class name="org.jpg.com.UsingTestNGAnnotations">
        <test-method is-config="true" signature="browserlaunch()[pri:0, instance:org.jpg.com.UsingTestNGAnnotations@7fa98a66]" started-at="2023-06-26T16:02:25 IST" name="browserlaunch" finished-at="2023-06-26T16:02:27 IST" duration-ms="2665" status="PASS">
          <reporter-output>
          </reporter-output>
        </test-method> <!-- browserlaunch -->
        <test-method is-config="true" signature="maxinize()[pri:0, instance:org.jpg.com.UsingTestNGAnnotations@7fa98a66]" started-at="2023-06-26T16:02:27 IST" name="maxinize" finished-at="2023-06-26T16:02:27 IST" duration-ms="121" status="PASS">
          <reporter-output>
          </reporter-output>
        </test-method> <!-- maxinize -->
        <test-method signature="facebook()[pri:0, instance:org.jpg.com.UsingTestNGAnnotations@7fa98a66]" started-at="2023-06-26T16:02:27 IST" name="facebook" description="Will execute the faceBook LoginPage" finished-at="2023-06-26T16:02:29 IST" duration-ms="1632" status="PASS">
          <reporter-output>
          </reporter-output>
        </test-method> <!-- facebook -->
        <test-method is-config="true" signature="TakingSC()[pri:0, instance:org.jpg.com.UsingTestNGAnnotations@7fa98a66]" started-at="2023-06-26T16:02:29 IST" name="TakingSC" finished-at="2023-06-26T16:02:40 IST" duration-ms="10557" status="PASS">
          <reporter-output>
          </reporter-output>
        </test-method> <!-- TakingSC -->
        <test-method is-config="true" signature="maxinize()[pri:0, instance:org.jpg.com.UsingTestNGAnnotations@7fa98a66]" started-at="2023-06-26T16:02:40 IST" name="maxinize" finished-at="2023-06-26T16:02:40 IST" duration-ms="9" status="PASS">
          <reporter-output>
          </reporter-output>
        </test-method> <!-- maxinize -->
        <test-method signature="google()[pri:1, instance:org.jpg.com.UsingTestNGAnnotations@7fa98a66]" started-at="2023-06-26T16:02:40 IST" name="google" description="In Google search Engine search for ramcaharan" finished-at="2023-06-26T16:02:53 IST" duration-ms="13385" status="PASS">
          <reporter-output>
          </reporter-output>
        </test-method> <!-- google -->
        <test-method is-config="true" signature="TakingSC()[pri:0, instance:org.jpg.com.UsingTestNGAnnotations@7fa98a66]" started-at="2023-06-26T16:02:53 IST" name="TakingSC" finished-at="2023-06-26T16:02:56 IST" duration-ms="2781" status="PASS">
          <reporter-output>
          </reporter-output>
        </test-method> <!-- TakingSC -->
        <test-method is-config="true" signature="quitBrowserMethod()[pri:0, instance:org.jpg.com.UsingTestNGAnnotations@7fa98a66]" started-at="2023-06-26T16:02:56 IST" name="quitBrowserMethod" finished-at="2023-06-26T16:02:56 IST" duration-ms="683" status="PASS">
          <reporter-output>
          </reporter-output>
        </test-method> <!-- quitBrowserMethod -->
      </class> <!-- org.jpg.com.UsingTestNGAnnotations -->
      <class name="org.jpg.com.UsingArithemiticLogic">
        <test-method signature="additingMethod(int,int)[pri:0, instance:org.jpg.com.UsingArithemiticLogic@323b36e0]" started-at="2023-06-26T16:02:56 IST" name="additingMethod" finished-at="2023-06-26T16:02:56 IST" duration-ms="0" status="PASS">
          <params>
            <param index="0">
              <value>
                <![CDATA[30]]>
              </value>
            </param>
            <param index="1">
              <value>
                <![CDATA[5]]>
              </value>
            </param>
          </params>
          <reporter-output>
          </reporter-output>
        </test-method> <!-- additingMethod -->
        <test-method signature="mulMethod(int,int)[pri:0, instance:org.jpg.com.UsingArithemiticLogic@323b36e0]" started-at="2023-06-26T16:02:56 IST" name="mulMethod" finished-at="2023-06-26T16:02:56 IST" duration-ms="0" status="PASS">
          <params>
            <param index="0">
              <value>
                <![CDATA[10]]>
              </value>
            </param>
            <param index="1">
              <value>
                <![CDATA[5]]>
              </value>
            </param>
          </params>
          <reporter-output>
          </reporter-output>
        </test-method> <!-- mulMethod -->
        <test-method signature="subMethod(int,int)[pri:0, instance:org.jpg.com.UsingArithemiticLogic@323b36e0]" started-at="2023-06-26T16:02:56 IST" name="subMethod" finished-at="2023-06-26T16:02:56 IST" duration-ms="0" status="PASS">
          <params>
            <param index="0">
              <value>
                <![CDATA[10]]>
              </value>
            </param>
            <param index="1">
              <value>
                <![CDATA[5]]>
              </value>
            </param>
          </params>
          <reporter-output>
          </reporter-output>
        </test-method> <!-- subMethod -->
        <test-method signature="divMethod(int,int)[pri:0, instance:org.jpg.com.UsingArithemiticLogic@323b36e0]" started-at="2023-06-26T16:02:56 IST" name="divMethod" finished-at="2023-06-26T16:02:56 IST" duration-ms="0" status="PASS">
          <params>
            <param index="0">
              <value>
                <![CDATA[30]]>
              </value>
            </param>
            <param index="1">
              <value>
                <![CDATA[5]]>
              </value>
            </param>
          </params>
          <reporter-output>
          </reporter-output>
        </test-method> <!-- divMethod -->
      </class> <!-- org.jpg.com.UsingArithemiticLogic -->
    </test> <!-- Chrome test -->
  </suite> <!-- parallel test Execution  -->
</testng-results>
